Identity added: /data/data/com.termux/files/home/.ssh/id_ed25519 (alaa0900a@gmail.com)
[main d672ffc] Initial commit (via gh-init-smart.sh)
 3 files changed, 135 insertions(+)
 create mode 100644 gh-init-smart.log
 create mode 100755 gh-init-smart.sh
 create mode 100755 gh-init.sh
ERROR: Repository not found.
fatal: Could not read from remote repository.

Please make sure you have the correct access rights
and the repository exists.
ERROR: Repository not found.
fatal: Could not read from remote repository.

Please make sure you have the correct access rights
and the repository exists.
ERROR: Repository not found.
fatal: Could not read from remote repository.

Please make sure you have the correct access rights
and the repository exists.
ERROR: Repository not found.
fatal: Could not read from remote repository.

Please make sure you have the correct access rights
and the repository exists.
error: cannot pull with rebase: You have unstaged changes.
error: Please commit or stash them.
ERROR: Repository not found.
fatal: Could not read from remote repository.

Please make sure you have the correct access rights
and the repository exists.
ERROR: Repository not found.
fatal: Could not read from remote repository.

Please make sure you have the correct access rights
and the repository exists.
error: cannot pull with rebase: You have unstaged changes.
error: Please commit or stash them.
ERROR: Repository not found.
fatal: Could not read from remote repository.

Please make sure you have the correct access rights
and the repository exists.
ERROR: Repository not found.
fatal: Could not read from remote repository.

Please make sure you have the correct access rights
and the repository exists.
error: cannot pull with rebase: You have unstaged changes.
error: Please commit or stash them.
